<?xml version="1.0" encoding="UTF-8"?>
<testsuite xmlns:xsi="http://www.w3.org/2001/XMLSchema-instance" xsi:noNamespaceSchemaLocation="https://maven.apache.org/surefire/maven-surefire-plugin/xsd/surefire-test-report-3.0.xsd" version="3.0" name="runner.runner" time="8.469" tests="3" errors="2" skipped="0" failures="0">
  <properties>
[...]
</properties>
  <testcase name="Do User Page GET REST Request validation" classname="Validate UserPage Scenarios #1" time="3.257">
    <error message="TODO: implement me" type="io.cucumber.java.PendingException"><![CDATA[io.cucumber.java.PendingException: TODO: implement me
]]></error>
    <system-out><![CDATA[
@userPage
Scenario Outline: Do User Page GET REST Request validation                        &amp#27;[90m# src/test/Feature/Prob1.feature:17&amp#27;[0m
  &amp#27;[32mGiven &amp#27;[0m&amp#27;[32mthe value of Celsius &amp#27;[0m&amp#27;[32m&amp#27;[1m"10"&amp#27;[0m                                                 &amp#27;[90m# stepDef.prob1StepDef.the_value_of_celsius(java.lang.String)&amp#27;[0m
  &amp#27;[32mThen &amp#27;[0m&amp#27;[32muser create conversion request body&amp#27;[0m                                        &amp#27;[90m# stepDef.prob1StepDef.user_create_conversion_request_body()&amp#27;[0m
Response body: <?xml version="1.0" encoding="utf-8"?><soap:Envelope xmlns:soap="http://www.w3.org/2003/05/soap-envelope" xmlns:xsi="http://www.w3.org/2001/XMLSchema-instance" xmlns:xsd="http://www.w3.org/2001/XMLSchema"><soap:Body><CelsiusToFahrenheitResponse xmlns="https://www.w3schools.com/xml/"><CelsiusToFahrenheitResult>50</CelsiusToFahrenheitResult></CelsiusToFahrenheitResponse></soap:Body></soap:Envelope>
  &amp#27;[32mWhen &amp#27;[0m&amp#27;[32muser send a postcall with &amp#27;[0m&amp#27;[32m&amp#27;[1m"https://www.w3schools.com/xml/tempconvert.asmx"&amp#27;[0m &amp#27;[90m# stepDef.prob1StepDef.user_send_a_postcall_with(java.lang.String)&amp#27;[0m
  &amp#27;[32mThen &amp#27;[0m&amp#27;[32muser see status code as &amp#27;[0m&amp#27;[32m&amp#27;[1m"200"&amp#27;[0m                                              &amp#27;[90m# stepDef.prob1StepDef.user_see_status_code_as(java.lang.String)&amp#27;[0m

  &amp#27;[32mAnd &amp#27;[0m&amp#27;[32muser validates the response Celsius as &amp#27;[0m&amp#27;[32m&amp#27;[1m"10"&amp#27;[0m                                 &amp#27;[90m# stepDef.prob1StepDef.user_validates_the_response_celsius_as(java.lang.String)&amp#27;[0m
  &amp#27;[33mAnd &amp#27;[0m&amp#27;[33muser validates the response Farenheit as &amp#27;[0m&amp#27;[33m&amp#27;[1m"98"&amp#27;[0m                               &amp#27;[90m# stepDef.prob1StepDef.user_validates_the_response_farenheit_as(java.lang.String)&amp#27;[0m
      &amp#27;[33mio.cucumber.java.PendingException: TODO: implement me
	at stepDef.prob1StepDef.user_validates_the_response_farenheit_as(prob1StepDef.java:66)
	at âœ½.user validates the response Farenheit as "98"(file:///C:/Users/jayanthn/Downloads/Cucumber_Maven/src/test/Feature/Prob1.feature:10)
&amp#27;[0m
]]></system-out>
    <system-err><![CDATA[Apr 10, 2024 4:03:04 PM io.cucumber.core.options.CucumberPropertiesParser lambda$warnWhenCucumberOptionsIsUsed$2
WARNING: Passing commandline options via the property 'cucumber.options' is no longer supported. Please use individual properties instead. See the java doc on io.cucumber.core.options.Constants for details.
]]></system-err>
  </testcase>
  <testcase name="Do Mobile Page POST REST Request validation" classname="Validate UserPage Scenarios #2" time="3.374">
    <system-out><![CDATA[
@postCall
Scenario Outline: Do Mobile Page POST REST Request validation                      &amp#27;[90m# src/test/Feature/Prob2.feature:13&amp#27;[0m
  &amp#27;[32mGiven &amp#27;[0m&amp#27;[32muser name for restful &amp#27;[0m&amp#27;[32m&amp#27;[1m"Apple MacBook Pro 16"&amp#27;[0m                               &amp#27;[90m# stepDef.prob2StepDef.user_name_for_restful(java.lang.String)&amp#27;[0m
  &amp#27;[32mThen &amp#27;[0m&amp#27;[32muser creates request body for restful postcall&amp#27;[0m                              &amp#27;[90m# stepDef.prob2StepDef.user_creates_request_body_for_restful_postcall()&amp#27;[0m
Response: {"id":"ff8081818ead0ebb018ec791c8595681","name":"Apple MacBook Pro 16","createdAt":"2024-04-10T10:33:23.801+00:00","data":{"year":2019,"price":1849.99,"CPU model":"Intel Core i9","Hard disk size":"1 TB"}}
  &amp#27;[32mWhen &amp#27;[0m&amp#27;[32muser send request body post call with &amp#27;[0m&amp#27;[32m&amp#27;[1m"https://api.restful-api.dev/objects"&amp#27;[0m &amp#27;[90m# stepDef.prob2StepDef.user_send_request_body_post_call_with(java.lang.String)&amp#27;[0m
  &amp#27;[32mThen &amp#27;[0m&amp#27;[32muser see status code for restful post &amp#27;[0m&amp#27;[32m&amp#27;[1m"200"&amp#27;[0m                                 &amp#27;[90m# stepDef.prob2StepDef.user_see_status_code_for_restful_post(java.lang.String)&amp#27;[0m
2019
  &amp#27;[32mAnd &amp#27;[0m&amp#27;[32muser validates the restful response year as &amp#27;[0m&amp#27;[32m&amp#27;[1m"2019"&amp#27;[0m                           &amp#27;[90m# stepDef.prob2StepDef.user_validates_the_restful_response_year_as(java.lang.String)&amp#27;[0m
1849.99
  &amp#27;[32mAnd &amp#27;[0m&amp#27;[32muser validates the restful response price as &amp#27;[0m&amp#27;[32m&amp#27;[1m"1849.99"&amp#27;[0m                       &amp#27;[90m# stepDef.prob2StepDef.user_validates_the_restful_response_price_as(java.lang.String)&amp#27;[0m
]]></system-out>
  </testcase>
  <testcase name="Do Mobile Page GET REST Request validation" classname="Validate UserPage Scenarios #3" time="0.907">
    <error message="TODO: implement me" type="io.cucumber.java.PendingException"><![CDATA[io.cucumber.java.PendingException: TODO: implement me
]]></error>
    <system-out><![CDATA[
@getCall
Scenario Outline: Do Mobile Page GET REST Request validation          &amp#27;[90m# src/test/Feature/Prob3.feature:11&amp#27;[0m
Response: [{"id":"1","name":"Google Pixel 6 Pro","data":{"color":"Cloudy White","capacity":"128 GB"}},{"id":"2","name":"Apple iPhone 12 Mini, 256GB, Blue","data":null},{"id":"3","name":"Apple iPhone 12 Pro Max","data":{"color":"Cloudy White","capacity GB":512}},{"id":"4","name":"Apple iPhone 11, 64GB","data":{"price":389.99,"color":"Purple"}},{"id":"5","name":"Samsung Galaxy Z Fold2","data":{"price":689.99,"color":"Brown"}},{"id":"6","name":"Apple AirPods","data":{"generation":"3rd","price":120}},{"id":"7","name":"Apple MacBook Pro 16","data":{"year":2019,"price":1849.99,"CPU model":"Intel Core i9","Hard disk size":"1 TB"}},{"id":"8","name":"Apple Watch Series 8","data":{"Strap Colour":"Elderberry","Case Size":"41mm"}},{"id":"9","name":"Beats Studio3 Wireless","data":{"Color":"Red","Description":"High-performance wireless noise cancelling headphones"}},{"id":"10","name":"Apple iPad Mini 5th Gen","data":{"Capacity":"64 GB","Screen size":7.9}},{"id":"11","name":"Apple iPad Mini 5th Gen","data":{"Capacity":"254 GB","Screen size":7.9}},{"id":"12","name":"Apple iPad Air","data":{"Generation":"4th","Price":"419.99","Capacity":"64 GB"}},{"id":"13","name":"Apple iPad Air","data":{"Generation":"4th","Price":"519.99","Capacity":"256 GB"}}]
  &amp#27;[32mGiven &amp#27;[0m&amp#27;[32muser does get call with &amp#27;[0m&amp#27;[32m&amp#27;[1m"https://api.restful-api.dev/objects"&amp#27;[0m &amp#27;[90m# stepDef.prob3StepDef.user_does_get_call_with(java.lang.String)&amp#27;[0m
  &amp#27;[32mWhen &amp#27;[0m&amp#27;[32muser see status code for restful get &amp#27;[0m&amp#27;[32m&amp#27;[1m"200"&amp#27;[0m                     &amp#27;[90m# stepDef.prob3StepDef.user_see_status_code_for_restful_get(java.lang.String)&amp#27;[0m
[1, 2, 3, 4, 5, 6, 7, 8, 9, 10, 11, 12, 13]
[
  &amp#27;[32mAnd &amp#27;[0m&amp#27;[32muser validates the restful response &amp#27;[0m&amp#27;[32m&amp#27;[1m"8"&amp#27;[0m                         &amp#27;[90m# stepDef.prob3StepDef.user_validates_the_restful_response(java.lang.String)&amp#27;[0m
  &amp#27;[33mThen &amp#27;[0m&amp#27;[33muser validates response name &amp#27;[0m&amp#27;[33m&amp#27;[1m"Apple Watch Series 8"&amp#27;[0m            &amp#27;[90m# stepDef.prob3StepDef.user_validates_response_name(java.lang.String)&amp#27;[0m
      &amp#27;[33mio.cucumber.java.PendingException: TODO: implement me
	at stepDef.prob3StepDef.user_validates_response_name(prob3StepDef.java:38)
	at âœ½.user validates response name "Apple Watch Series 8"(file:///C:/Users/jayanthn/Downloads/Cucumber_Maven/src/test/Feature/Prob3.feature:7)
&amp#27;[0m
]]></system-out>
  </testcase>
</testsuite>